# D = 0, E = 0, I = 1, P = 0, R = 0, n = 50, N = 1, P = 0, w = 1, a = 0.1, b = 1000, e = 1, f = 1, g = 10, h = 0.1, r = 1616014286, s = 1, S = 0, x = 1, m = 0, Z = 1, z = 0, T = 1, t = 1
# 59449 tokens in 4788 sentences
#
# It	Temp	Time	-logP	tables	same	changed	reject	default_pya	(parent pym pyn pya pyb)*
0	1	1.1639	124459	7279	0	4788	0	0.1
1	1	2.47606	118035	6648	277	4511	0	0.1
2	1	3.79048	116372	6457	366	4422	0	0.1
3	1	5.37153	113407	6337	430	4358	0	0.1
4	1	6.95761	114768	6103	404	4384	0	0.1
5	1	8.44632	115309	5914	434	4354	1	0.1
6	1	9.92004	115399	5773	456	4332	0	0.1
7	1	11.4265	114669	5635	467	4321	0	0.1
8	1	12.8637	115040	5597	482	4306	1	0.1
9	1	14.2864	115148	5541	415	4373	3	0.1
10	1	15.6745	114800	5453	428	4360	1	0.1
11	1	17.0443	114841	5340	435	4353	1	0.1
12	1	18.461	114935	5275	444	4344	1	0.1
13	1	19.8527	114643	5247	473	4315	1	0.1
14	1	21.3136	114784	5236	453	4335	0	0.1
15	1	22.6423	114456	5199	463	4325	1	0.1
16	1	24.0098	113805	5202	448	4340	0	0.1
17	1	25.3918	113953	5202	457	4331	0	0.1
18	1	26.7364	114035	5158	477	4311	1	0.1
19	1	28.1592	114093	5149	473	4315	0	0.1
20	1	29.5237	113816	5141	480	4308	1	0.1
21	1	30.8986	114139	5121	475	4313	0	0.1
22	1	32.2381	113832	5140	475	4313	0	0.1
23	1	33.6228	113879	5134	480	4308	1	0.1
24	1	35.006	113818	5097	461	4327	1	0.1
25	1	36.328	113220	5119	474	4314	0	0.1
26	1	37.6418	113261	5111	485	4303	0	0.1
27	1	39.0282	113119	5130	484	4304	0	0.1
28	1	40.3552	112704	5126	486	4302	0	0.1
29	1	41.7338	112420	5146	477	4311	0	0.1
30	1	43.0659	112461	5102	470	4318	1	0.1
31	1	44.4115	112588	5115	470	4318	2	0.1
32	1	45.6992	112870	4991	483	4305	0	0.1
33	1	47.0275	112901	5016	480	4308	1	0.1
34	1	48.3638	112827	5013	494	4294	3	0.1
35	1	49.6978	113141	4990	506	4282	0	0.1
36	1	51.0725	112854	4993	475	4313	1	0.1
37	1	52.443	113062	4960	510	4278	1	0.1
38	1	53.7473	112699	4980	485	4303	0	0.1
39	1	55.0302	112900	4987	474	4314	0	0.1
40	1	56.3598	112264	4991	492	4296	0	0.1
41	1	57.6351	112532	4977	470	4318	0	0.1
42	1	58.8968	112521	4985	473	4315	0	0.1
43	1	60.1635	112363	5014	481	4307	0	0.1
44	1	61.457	111924	4997	475	4313	1	0.1
45	1	62.7907	111814	4990	490	4298	1	0.1
46	1	64.1113	111698	4959	507	4281	0	0.1
47	1	65.5149	111892	4931	480	4308	1	0.1
48	1	66.8384	111901	4976	489	4299	2	0.1
49	1	68.1646	111761	4963	489	4299	2	0.1
50	1	69.55	111610	4931	460	4328	1	0.1
