# D = 0, E = 0, I = 1, P = 0, R = 0, n = 50, N = 1, P = 0, w = 1, a = 0.1, b = 1000, e = 1, f = 1, g = 10, h = 0.1, r = 1616013882, s = 1, S = 0, x = 1, m = 0, Z = 1, z = 0, T = 1, t = 1
# 59449 tokens in 4788 sentences
#
# It	Temp	Time	-logP	tables	same	changed	reject	default_pya	(parent pym pyn pya pyb)*
0	1	1.1833	130880	8838	0	4788	0	0.1
1	1	2.544	122314	7870	603	4185	0	0.1
2	1	3.87578	120946	7787	807	3981	1	0.1
3	1	5.42915	118705	7684	811	3977	0	0.1
4	1	7.05413	116963	7268	834	3954	1	0.1
5	1	8.67024	116214	6993	873	3915	2	0.1
6	1	10.2418	115627	6842	885	3903	2	0.1
7	1	11.8317	115190	6732	922	3866	0	0.1
8	1	13.3827	114563	6678	987	3801	1	0.1
9	1	14.9187	114091	6647	997	3791	2	0.1
10	1	16.4741	113861	6611	1014	3774	0	0.1
11	1	18.0343	113565	6526	1047	3741	3	0.1
12	1	19.5699	113502	6449	1074	3714	0	0.1
13	1	21.1006	112492	6370	1084	3704	2	0.1
14	1	22.6205	112249	6340	1149	3639	1	0.1
15	1	24.1645	112410	6230	1120	3668	0	0.1
16	1	25.655	112659	6210	1082	3706	2	0.1
17	1	27.138	112466	6230	1125	3663	3	0.1
18	1	28.6751	112194	6301	1169	3619	3	0.1
19	1	30.1438	112118	6222	1191	3597	2	0.1
20	1	31.6617	111983	6196	1179	3609	1	0.1
21	1	33.1712	111740	6227	1156	3632	2	0.1
22	1	34.6421	111891	6162	1196	3592	0	0.1
23	1	36.1847	111585	6129	1195	3593	0	0.1
24	1	37.7129	111649	6130	1168	3620	1	0.1
25	1	39.2161	111514	6150	1117	3671	0	0.1
26	1	40.7026	111398	6195	1125	3663	3	0.1
27	1	42.2201	110974	6031	1165	3623	2	0.1
28	1	43.7052	111096	6026	1238	3550	2	0.1
29	1	45.1755	110794	6018	1193	3595	0	0.1
30	1	46.6456	111135	5993	1179	3609	1	0.1
31	1	48.1015	111097	6041	1181	3607	0	0.1
32	1	49.5853	111154	6045	1193	3595	2	0.1
33	1	51.0647	111138	6066	1141	3647	3	0.1
34	1	52.5588	111328	6056	1085	3703	1	0.1
35	1	54.0262	111123	6008	1125	3663	1	0.1
36	1	55.5052	111191	6108	1144	3644	1	0.1
37	1	57.0147	111032	6043	1124	3664	1	0.1
38	1	58.4711	110851	6006	1154	3634	2	0.1
39	1	59.9513	111193	5989	1172	3616	2	0.1
40	1	61.4357	110901	6010	1186	3602	3	0.1
41	1	62.9575	110840	6022	1214	3574	1	0.1
42	1	64.4497	110529	6042	1236	3552	2	0.1
43	1	65.9161	110625	5960	1256	3532	0	0.1
44	1	67.391	110889	5938	1273	3515	0	0.1
45	1	68.832	110694	6000	1193	3595	2	0.1
46	1	70.3275	110601	5980	1219	3569	0	0.1
47	1	71.8621	110590	5949	1225	3563	3	0.1
48	1	73.3624	110955	5940	1194	3594	2	0.1
49	1	74.8763	111036	5952	1202	3586	2	0.1
50	1	76.3786	110682	5960	1219	3569	2	0.1
